This is pdfTeX, Version 3.14159265-2.6-1.40.19 (MiKTeX 2.9.6630 64-bit) (preloaded format=pdflatex 2018.3.15)  18 JUL 2018 12:47
entering extended mode
**C:/Sherif-Data/Publications/Submitted/GraphSurvey/GraphGeneratorsSurvey/data_
sets.tex

(C:/Sherif-Data/Publications/Submitted/GraphSurvey/GraphGeneratorsSurvey/data_s
ets.tex
LaTeX2e <2017-04-15>
Babel <3.18> and hyphenation patterns for 75 language(s) loaded.
! Undefined control sequence.
l.1 \section
            {Graph Data Sets}
? 
! Emergency stop.
l.1 \section
            {Graph Data Sets}
End of file on the terminal!

 
Here is how much of TeX's memory you used:
 8 strings out of 493305
 385 string characters out of 3138557
 53825 words of memory out of 3000000
 3658 multiletter control sequences out of 15000+200000
 3640 words of font info for 14 fonts, out of 3000000 for 9000
 1141 hyphenation exceptions out of 8191
 5i,0n,1p,114b,8s stack positions out of 5000i,500n,10000p,200000b,50000s
!  ==> Fatal error occurred, no output PDF file produced!
