This is pdfTeX, Version 3.14159265-2.6-1.40.19 (MiKTeX 2.9.6630 64-bit) (preloaded format=pdflatex 2018.3.15)  15 SEP 2018 11:59
entering extended mode
**C:/Sherif-Data/Publications/Submitted/GraphSurvey/GraphGeneratorsSurvey/main.
tex

(C:/Sherif-Data/Publications/Submitted/GraphSurvey/GraphGeneratorsSurvey/main.t
ex
LaTeX2e <2017-04-15>
Babel <3.18> and hyphenation patterns for 75 language(s) loaded.
(acmsmall.cls
Document Class: acmsmall 2013/08/09 v1.10 ACM class
("C:\Program Files\MiKTeX 2.9\tex\latex\url\url.sty"
\Urlmuskip=\muskip10
Package: url 2013/09/16  ver 3.4  Verb mode for urls, etc.
)
ACM, Production Font style: 2010/06/28 by Aptara

Using ACM, TECS option: 2010/05/04 by Aptara

("C:\Program Files\MiKTeX 2.9\tex\generic\oberdiek\ifpdf.sty"
Package: ifpdf 2017/03/15 v3.2 Provides the ifpdf switch
)
("C:\Program Files\MiKTeX 2.9\tex\latex\base\latexsym.sty"
Package: latexsym 1998/08/17 v2.2e Standard LaTeX package (lasy symbols)
\symlasy=\mathgroup4
LaTeX Font Info:    Overwriting symbol font `lasy' in version `bold'
(Font)                  U/lasy/m/n --> U/lasy/b/n on input line 52.
)
("C:\Program Files\MiKTeX 2.9\tex\latex\graphics\color.sty"
Package: color 2016/07/10 v1.1e Standard LaTeX Color (DPC)

("C:\Users\USER\AppData\Local\Programs\MiKTeX 2.9\tex\latex\graphics-cfg\color.
cfg"
File: color.cfg 2016/01/02 v1.6 sample color configuration
)
Package color Info: Driver file: pdftex.def on input line 147.

("C:\Users\USER\AppData\Local\Programs\MiKTeX 2.9\tex\latex\graphics-def\pdftex
.def"
File: pdftex.def 2018/01/08 v1.0l Graphics/color driver for pdftex
)) ("C:\Program Files\MiKTeX 2.9\tex\latex\graphics\graphicx.sty"
Package: graphicx 2017/06/01 v1.1a Enhanced LaTeX Graphics (DPC,SPQR)

("C:\Program Files\MiKTeX 2.9\tex\latex\graphics\keyval.sty"
Package: keyval 2014/10/28 v1.15 key=value parser (DPC)
\KV@toks@=\toks14
)
("C:\Program Files\MiKTeX 2.9\tex\latex\graphics\graphics.sty"
Package: graphics 2017/06/25 v1.2c Standard LaTeX Graphics (DPC,SPQR)

("C:\Program Files\MiKTeX 2.9\tex\latex\graphics\trig.sty"
Package: trig 2016/01/03 v1.10 sin cos tan (DPC)
)
("C:\Users\USER\AppData\Local\Programs\MiKTeX 2.9\tex\latex\graphics-cfg\graphi
cs.cfg"
File: graphics.cfg 2016/06/04 v1.11 sample graphics configuration
)
Package graphics Info: Driver file: pdftex.def on input line 99.
)
\Gin@req@height=\dimen102
\Gin@req@width=\dimen103
)
Document Class `acmsmall' Electronic Submissions v1.10 <August 10, 2013> (ACM).

\@firstpg=\count79
\@lastpg=\count80
\trimheight=\dimen104
\trimwidth=\dimen105
\normaltextheight=\dimen106
\tempdimen=\dimen107
\tempbox=\box26
\tbbox=\box27
\tabledim=\dimen108
\symnewlargesymbols=\mathgroup5
LaTeX Font Info:    Redeclaring math symbol \bigsqcup on input line 2564.
\normalparindent=\dimen109
\footheight=\skip41
\@maxsep=\skip42
\@dblmaxsep=\skip43
(acmcopyright.sty
Package: acmcopyright 2014/06/29 v1.2 Copyright statemens for ACM classes
 ("C:\Program Files\MiKTeX 2.9\tex\latex\xkeyval\xkeyval.sty"
Package: xkeyval 2014/12/03 v2.7a package option processing (HA)

("C:\Program Files\MiKTeX 2.9\tex\generic\xkeyval\xkeyval.tex"
("C:\Program Files\MiKTeX 2.9\tex\generic\xkeyval\xkvutils.tex"
\XKV@toks=\toks15
\XKV@tempa@toks=\toks16
)
\XKV@depth=\count81
File: xkeyval.tex 2014/12/03 v2.7a key=value parser (HA)
)))
\@totalpg=\count82
\@abstract=\box28

(C:\Users\USER\AppData\Roaming\MiKTeX\2.9\tex\latex\comment\comment.sty
\CommentStream=\write3

Excluding comment 'comment') Excluding comment 'CCSXML'
\@permissionbox=\box29
\c@part=\count83
\c@section=\count84
\c@subsection=\count85
\c@subsubsection=\count86
\c@paragraph=\count87
\enumdim=\dimen110
\c@theorem=\count88
\belowcaptionskip=\skip44
\abovecaptionskip=\skip45
\c@figure=\count89
\c@table=\count90
\@narrowfig=\dimen111
\@nfigbox=\box30
\@nfcapbox=\box31
\@nfigbox=\box32
\@nfcapbox=\box33
\bibindent=\dimen112
LaTeX Font Info:    Overwriting math alphabet `\mathbb' in version `normal'
(Font)                  OT1/ams/bx/n --> OT1/ams/bx/n on input line 4182.
LaTeX Font Info:    Overwriting math alphabet `\mathbb' in version `bold'
(Font)                  OT1/ams/bx/n --> OT1/ams/bx/n on input line 4183.
)
("C:\Program Files\MiKTeX 2.9\tex\latex\algorithm2e\algorithm2e.sty"
Package: algorithm2e 2017/07/18 v5.2 algorithms environments
\c@AlgoLine=\count91

("C:\Program Files\MiKTeX 2.9\tex\latex\base\ifthen.sty"
Package: ifthen 2014/09/29 v1.1c Standard LaTeX ifthen package (DPC)
)
\algocf@hangindent=\skip46

("C:\Program Files\MiKTeX 2.9\tex\latex\ifoddpage\ifoddpage.sty"
Package: ifoddpage 2016/04/23 v1.1 Conditionals for odd/even page detection
\c@checkoddpage=\count92
)
("C:\Program Files\MiKTeX 2.9\tex\latex\tools\xspace.sty"
Package: xspace 2014/10/28 v1.13 Space after command names (DPC,MH)
)
("C:\Program Files\MiKTeX 2.9\tex\latex\ltxmisc\relsize.sty"
Package: relsize 2003/07/04 ver 3.1
)
\skiptotal=\skip47
\skiplinenumber=\skip48
\skiprule=\skip49
\skiphlne=\skip50
\skiptext=\skip51
\skiplength=\skip52
\algomargin=\skip53
\skipalgocfslide=\skip54
\algowidth=\dimen113
\inoutsize=\dimen114
\inoutindent=\dimen115
\interspacetitleruled=\dimen116
\interspacealgoruled=\dimen117
\interspacetitleboxruled=\dimen118
\algocf@ruledwidth=\skip55
\algocf@inoutbox=\box34
\algocf@inputbox=\box35
\AlCapSkip=\skip56
\AlCapHSkip=\skip57
\algoskipindent=\skip58
\algocf@nlbox=\box36
\algocf@hangingbox=\box37
\algocf@untilbox=\box38
\algocf@skipuntil=\skip59
\algocf@capbox=\box39
\algocf@lcaptionbox=\skip60
\algoheightruledefault=\skip61
\algoheightrule=\skip62
\algotitleheightruledefault=\skip63
\algotitleheightrule=\skip64
\c@algocfline=\count93
\c@algocfproc=\count94
\c@algocf=\count95
\algocf@algoframe=\box40
\algocf@algobox=\box41
)
("C:\Program Files\MiKTeX 2.9\tex\latex\adjustbox\adjustbox.sty"
Package: adjustbox 2012/05/21 v1.0 Adjusting TeX boxes (trim, clip, ...)

("C:\Program Files\MiKTeX 2.9\tex\latex\adjustbox\adjcalc.sty"
Package: adjcalc 2012/05/16 v1.1 Provides advanced setlength with multiple back
-ends (calc, etex, pgfmath)
)
("C:\Program Files\MiKTeX 2.9\tex\latex\adjustbox\trimclip.sty"
Package: trimclip 2012/05/16 v1.0 Trim and clip general TeX material

("C:\Program Files\MiKTeX 2.9\tex\latex\collectbox\collectbox.sty"
Package: collectbox 2012/05/17 v0.4b Collect macro arguments as boxes
\collectedbox=\box42
)
\tc@llx=\dimen119
\tc@lly=\dimen120
\tc@urx=\dimen121
\tc@ury=\dimen122
Package trimclip Info: Using driver 'tc-pdftex.def'.

("C:\Program Files\MiKTeX 2.9\tex\latex\adjustbox\tc-pdftex.def"
File: tc-pdftex.def 2012/05/13 v1.0 Clipping driver for pdftex
))
\adjbox@Width=\dimen123
\adjbox@Height=\dimen124
\adjbox@Depth=\dimen125
\adjbox@Totalheight=\dimen126

("C:\Program Files\MiKTeX 2.9\tex\latex\ltxmisc\varwidth.sty"
Package: varwidth 2009/03/30 ver 0.92;  Variable-width minipages
\@vwid@box=\box43
\sift@deathcycles=\count96
\@vwid@loff=\dimen127
\@vwid@roff=\dimen128
))
("C:\Program Files\MiKTeX 2.9\tex\latex\tools\array.sty"
Package: array 2016/10/06 v2.4d Tabular extension package (FMi)
\col@sep=\dimen129
\extrarowheight=\dimen130
\NC@list=\toks17
\extratabsurround=\skip65
\backup@length=\skip66
)
("C:\Program Files\MiKTeX 2.9\tex\latex\booktabs\booktabs.sty"
Package: booktabs 2005/04/14 v1.61803 publication quality tables
\heavyrulewidth=\dimen131
\lightrulewidth=\dimen132
\cmidrulewidth=\dimen133
\belowrulesep=\dimen134
\belowbottomsep=\dimen135
\aboverulesep=\dimen136
\abovetopsep=\dimen137
\cmidrulesep=\dimen138
\cmidrulekern=\dimen139
\defaultaddspace=\dimen140
\@cmidla=\count97
\@cmidlb=\count98
\@aboverulesep=\dimen141
\@belowrulesep=\dimen142
\@thisruleclass=\count99
\@lastruleclass=\count100
\@thisrulewidth=\dimen143
)
("C:\Program Files\MiKTeX 2.9\tex\latex\multirow\multirow.sty"
Package: multirow 2016/11/25 v2.2 Span multiple rows of a table
\multirow@colwidth=\skip67
\multirow@cntb=\count101
\multirow@dima=\skip68
\bigstrutjot=\dimen144
)
("C:\Program Files\MiKTeX 2.9\tex\latex\graphics\rotating.sty"
Package: rotating 2016/08/11 v2.16d rotated objects in LaTeX
\c@r@tfl@t=\count102
\rotFPtop=\skip69
\rotFPbot=\skip70
\rot@float@box=\box44
\rot@mess@toks=\toks18
) (main.aux)
\openout1 = `main.aux'.

LaTeX Font Info:    Checking defaults for OML/cmm/m/it on input line 66.
LaTeX Font Info:    ... okay on input line 66.
LaTeX Font Info:    Checking defaults for T1/cmr/m/n on input line 66.
LaTeX Font Info:    ... okay on input line 66.
LaTeX Font Info:    Checking defaults for OT1/cmr/m/n on input line 66.
LaTeX Font Info:    ... okay on input line 66.
LaTeX Font Info:    Checking defaults for OMS/cmsy/m/n on input line 66.
LaTeX Font Info:    ... okay on input line 66.
LaTeX Font Info:    Checking defaults for OMX/cmex/m/n on input line 66.
LaTeX Font Info:    ... okay on input line 66.
LaTeX Font Info:    Checking defaults for U/cmr/m/n on input line 66.
LaTeX Font Info:    ... okay on input line 66.
LaTeX Font Info:    Try loading font information for OT1+pnc on input line 66.

("C:\Program Files\MiKTeX 2.9\tex\latex\psnfss\ot1pnc.fd"
File: ot1pnc.fd 2001/06/04 font definitions for OT1/pnc.
)
("C:\Program Files\MiKTeX 2.9\tex\context\base\supp-pdf.mkii"
[Loading MPS to PDF converter (version 2006.09.02).]
\scratchcounter=\count103
\scratchdimen=\dimen145
\scratchbox=\box45
\nofMPsegments=\count104
\nofMParguments=\count105
\everyMPshowfont=\toks19
\MPscratchCnt=\count106
\MPscratchDim=\dimen146
\MPnumerator=\count107
\makeMPintoPDFobject=\count108
\everyMPtoPDFconversion=\toks20
) ("C:\Program Files\MiKTeX 2.9\tex\latex\oberdiek\epstopdf-base.sty"
Package: epstopdf-base 2016/05/15 v2.6 Base part for package epstopdf

("C:\Program Files\MiKTeX 2.9\tex\generic\oberdiek\infwarerr.sty"
Package: infwarerr 2016/05/16 v1.4 Providing info/warning/error messages (HO)
)
("C:\Program Files\MiKTeX 2.9\tex\latex\oberdiek\grfext.sty"
Package: grfext 2016/05/16 v1.2 Manage graphics extensions (HO)

("C:\Program Files\MiKTeX 2.9\tex\generic\oberdiek\kvdefinekeys.sty"
Package: kvdefinekeys 2016/05/16 v1.4 Define keys (HO)

("C:\Program Files\MiKTeX 2.9\tex\generic\oberdiek\ltxcmds.sty"
Package: ltxcmds 2016/05/16 v1.23 LaTeX kernel commands for general use (HO)
)))
("C:\Program Files\MiKTeX 2.9\tex\latex\oberdiek\kvoptions.sty"
Package: kvoptions 2016/05/16 v3.12 Key value format for package options (HO)

("C:\Program Files\MiKTeX 2.9\tex\generic\oberdiek\kvsetkeys.sty"
Package: kvsetkeys 2016/05/16 v1.17 Key value parser (HO)

("C:\Program Files\MiKTeX 2.9\tex\generic\oberdiek\etexcmds.sty"
Package: etexcmds 2016/05/16 v1.6 Avoid name clashes with e-TeX commands (HO)

("C:\Program Files\MiKTeX 2.9\tex\generic\oberdiek\ifluatex.sty"
Package: ifluatex 2016/05/16 v1.4 Provides the ifluatex switch (HO)
Package ifluatex Info: LuaTeX not detected.
)
Package etexcmds Info: Could not find \expanded.
(etexcmds)             That can mean that you are not using pdfTeX 1.50 or
(etexcmds)             that some package has redefined \expanded.
(etexcmds)             In the latter case, load this package earlier.
)))
("C:\Program Files\MiKTeX 2.9\tex\generic\oberdiek\pdftexcmds.sty"
Package: pdftexcmds 2018/01/21 v0.26 Utility functions of pdfTeX for LuaTeX (HO
)
Package pdftexcmds Info: LuaTeX not detected.
Package pdftexcmds Info: \pdf@primitive is available.
Package pdftexcmds Info: \pdf@ifprimitive is available.
Package pdftexcmds Info: \pdfdraftmode found.
)
Package epstopdf-base Info: Redefining graphics rule for `.eps' on input line 4
38.
Package grfext Info: Graphics extension search list:
(grfext)             [.pdf,.png,.jpg,.mps,.jpeg,.jbig2,.jb2,.PDF,.PNG,.JPG,.JPE
G,.JBIG2,.JB2,.eps]
(grfext)             \AppendGraphicsExtensions on input line 456.
)
Excluding 'CCSXML' comment.
LaTeX Font Info:    Try loading font information for OMS+pnc on input line 184.


("C:\Program Files\MiKTeX 2.9\tex\latex\psnfss\omspnc.fd"
File: omspnc.fd 
)
LaTeX Font Info:    Font shape `OMS/pnc/m/n' in size <8> not available
(Font)              Font shape `OMS/cmsy/m/n' tried instead on input line 184.
LaTeX Font Info:    Try loading font information for OT1+phv on input line 186.


("C:\Program Files\MiKTeX 2.9\tex\latex\psnfss\ot1phv.fd"
File: ot1phv.fd 2001/06/04 scalable font definitions for OT1/phv.
)
LaTeX Font Info:    Font shape `OT1/phv/bx/n' in size <12> not available
(Font)              Font shape `OT1/phv/b/n' tried instead on input line 186.
LaTeX Font Info:    Font shape `OT1/pnc/bx/n' in size <8> not available
(Font)              Font shape `OT1/pnc/b/n' tried instead on input line 186.
LaTeX Font Info:    External font `cmex10' loaded for size
(Font)              <8> on input line 186.
LaTeX Font Info:    External font `cmex10' loaded for size
(Font)              <6> on input line 186.
LaTeX Font Info:    External font `cmex10' loaded for size
(Font)              <5> on input line 186.
LaTeX Font Info:    Try loading font information for U+lasy on input line 186.

("C:\Program Files\MiKTeX 2.9\tex\latex\base\ulasy.fd"
File: ulasy.fd 1998/08/17 v2.2e LaTeX symbol font definitions
) (introduction.tex
LaTeX Font Info:    Font shape `OT1/phv/bx/n' in size <9> not available
(Font)              Font shape `OT1/phv/b/n' tried instead on input line 1.
LaTeX Font Info:    External font `cmex10' loaded for size
(Font)              <7> on input line 21.

Underfull \vbox (badness 2165) has occurred while \output is active []


Overfull \vbox (72.27pt too high) has occurred while \output is active []

 [1{C:/Users/USER/AppData/Local/MiKTeX/2.9/pdftex/config/pdftex.map}
Non-PDF special ignored!
<special> papersize=8.5in,11in

] [2]) (comparison.tex [3]
LaTeX Font Info:    Font shape `OT1/pnc/bx/n' in size <10> not available
(Font)              Font shape `OT1/pnc/b/n' tried instead on input line 34.

Underfull \hbox (badness 10000) in paragraph at lines 121--121
[]|\OT1/pnc/m/n/8 [Barab[]asi and
 []


Underfull \hbox (badness 10000) in paragraph at lines 121--121
[]|\OT1/pnc/m/n/8 Lehigh Uni-ver-
 []


Underfull \hbox (badness 10000) in paragraph at lines 121--121
[]|\OT1/pnc/m/n/8 [Duan et al[]
 []


Underfull \hbox (badness 10000) in paragraph at lines 187--187
[]|\OT1/pnc/m/n/8 schema-driven
 []


Underfull \hbox (badness 10000) in paragraph at lines 187--187
\OT1/pnc/m/n/8 (in-ter-nal
 []


Underfull \hbox (badness 1596) in paragraph at lines 187--187
[]|\OT1/pnc/m/n/8 uniform, nor-mal, zip-
 []


Underfull \hbox (badness 10000) in paragraph at lines 187--187
[]|\OT1/pnc/m/n/8 pattern-driven
 []


Underfull \hbox (badness 10000) in paragraph at lines 187--187
\OT1/pnc/m/n/8 (Cypher
 []


Underfull \hbox (badness 10000) in paragraph at lines 187--187
[]|\OT1/pnc/m/n/8 property
 []


Underfull \hbox (badness 10000) in paragraph at lines 187--187
[]|\OT1/pnc/m/n/8 [Barrett et al[]
 []


Underfull \hbox (badness 10000) in paragraph at lines 187--187
[]|\OT1/pnc/m/n/8 HPC Scal-able
 []

[4] [5] [6]) (generators.tex [7] (generators_general.tex [8])
(generators_LinkedData.tex [9] [10] [11]
Underfull \hbox (badness 1454) in paragraph at lines 40--41
[]  \OT1/pnc/m/it/10 Ge-o-graph-ica[]. \OT1/pnc/m/n/10 The Ge-o-graph-ica bench
-mark[] has been de-signed to tar-get the
 []

[12] [13]) (generators_GraphDatabases.tex [14])
Underfull \hbox (badness 1796) in paragraph at lines 19--12
[]  \OT1/pnc/m/it/10 Graph-Gen[]. \OT1/pnc/m/n/10 GraphAware Graph-Gen[] is a g
raph gen-er-a-tion en-gine based on
 []

(generators_SocialNetworks.tex
Underfull \hbox (badness 2772) in paragraph at lines 11--17
[]\OT1/pnc/m/n/10 In gen-eral, anal-y-ses of so-cial net-works iden-tify their 
var-i-ous spe-cific fea-
 []

[15] [16]
Underfull \vbox (badness 2245) has occurred while \output is active []

 [17])
(generators_analytics.tex [18]) (generators_others.tex
(generators_community_detection.tex
LaTeX Font Info:    Font shape `OT1/phv/m/it' in size <9> not available
(Font)              Font shape `OT1/phv/m/sl' tried instead on input line 4.
 [19]) (generators_streaming.tex
Underfull \vbox (badness 2418) has occurred while \output is active []

 [20])))
(data_sets.tex [21] [22]) (challenges.tex
Underfull \vbox (badness 2158) has occurred while \output is active []

 [23]
[24] [25] [26]) (conclusion.tex) (main.bbl
Underfull \hbox (badness 3189) in paragraph at lines 58--64
[]\OT1/pnc/m/n/8 2009. \OT1/pnc/m/it/8 HPC Scal-able Graph Anal-y-sis Bench-mar
k\OT1/pnc/m/n/8 . Graph-Anal-y-sis.org. $http : / / www . graphanalysis . org /

 []


Underfull \vbox (badness 3312) has occurred while \output is active []

 [27]
Underfull \hbox (badness 1297) in paragraph at lines 166--176
[]\OT1/pnc/m/n/8 G[]une[] Alu[], Olaf Har-tig, M. Tamer []Ozsu, and Khuza-ima D
aud-jee. 2014. Di-ver-si-fied Stress Test-
 []


Underfull \hbox (badness 1400) in paragraph at lines 241--250
\OT1/pnc/m/n/8 y-sis Bench-mark on Sym-met-ric Mul-ti-pro-ces-sors. In \OT1/pnc
/m/it/8 Pro-ceed-ings of the 12th In-ter-na-tional Con-
 []


Underfull \hbox (badness 6063) in paragraph at lines 346--354
\OT1/pnc/m/it/8 on the Prob-lem of Com-mu-nity De-tec-tion\OT1/pnc/m/n/8 . Spri
nger In-ter-na-tional Pub-lish-ing, Cham, 3--14.
 []


Underfull \vbox (badness 10000) has occurred while \output is active []

 [28]
Underfull \hbox (badness 10000) in paragraph at lines 460--468
[]\OT1/pnc/m/n/8 J. M. Carl-son and John Doyle. 2000. Highly Op-ti-mized Tol-er
-ance: Ro-bust-ness and De-
 []


Underfull \hbox (badness 10000) in paragraph at lines 460--468
\OT1/pnc/m/n/8 sign in Com-plex Sys-tems. \OT1/pnc/m/it/8 Phys. Rev. Lett. \OT1
/pnc/m/n/8 84 (Mar 2000), 2529--2532. Is-sue 11.
 []


Underfull \hbox (badness 5231) in paragraph at lines 497--506
[]\OT1/pnc/m/n/8 James Cheng, Yip-ing Ke, Wil-fred Ng, and An Lu. 2007. Fg-inde
x: To-wards Verification-free
 []


Underfull \hbox (badness 2418) in paragraph at lines 497--506
\OT1/pnc/m/n/8 Query Pro-cess-ing on Graph Databases. In \OT1/pnc/m/it/8 Pro-ce
ed-ings of the 2007 ACM SIG-MOD In-ter-na-
 []


Underfull \hbox (badness 2538) in paragraph at lines 532--541
\OT1/pnc/m/it/8 gi-neer-ing Work-shops (ICDEW '12)\OT1/pnc/m/n/8 . IEEE Com-put
er So-ci-ety, Wash-ing-ton, DC, USA, 186--189.
 []


Underfull \hbox (badness 5475) in paragraph at lines 570--578
[]\OT1/pnc/m/n/8 Miyuru Da-yarathna and Toy-otaro Suzu-mura. 2014. Graph Databa
se Bench-mark-ing on Cloud
 []


Underfull \hbox (badness 10000) in paragraph at lines 570--578
\OT1/pnc/m/n/8 En-vi-ron-ments with XGDBench. \OT1/pnc/m/it/8 Au-to-mated Soft-
ware Engg. \OT1/pnc/m/n/8 21, 4 (Dec. 2014), 509--533.
 []


Underfull \vbox (badness 10000) has occurred while \output is active []

 [29]
Underfull \hbox (badness 6893) in paragraph at lines 752--759
[]\OT1/pnc/m/n/8 Maria Gi-at-soglou, Symeon Pa-padopou-los, and Athena Vakali. 
2011. \OT1/pnc/m/it/8 Mas-sive Graph Man-age-
 []


Underfull \hbox (badness 6792) in paragraph at lines 752--759
\OT1/pnc/m/it/8 ment for the Web and Web 2.0\OT1/pnc/m/n/8 . Springer Berlin He
i-del-berg, Berlin, Hei-del-berg, 19--58.
 []


Underfull \vbox (badness 10000) has occurred while \output is active []

 [30]
Underfull \hbox (badness 3849) in paragraph at lines 947--951
[]\OT1/pnc/m/n/8 Tobias K[]afer and An-dreas Harth. 2014. Bil-lion Triples Chal
-lenge data set. Down-loaded from
 []


Underfull \hbox (badness 10000) in paragraph at lines 1005--1012
[]\OT1/pnc/m/n/8 Myunghwan Kim and Jure Leskovec. 2010. \OT1/pnc/m/it/8 Mul-ti-
plica-tive At-tribute Graph Model
 []


Underfull \hbox (badness 10000) in paragraph at lines 1005--1012
\OT1/pnc/m/it/8 of Real-World Net-works\OT1/pnc/m/n/8 . Springer Berlin Hei-del
-berg, Berlin, Hei-del-berg, 62--73.
 []


Underfull \hbox (badness 2990) in paragraph at lines 1024--1029
[]\OT1/pnc/m/n/8 Donald Knuth. 2008. \OT1/pnc/m/it/8 The Stan-ford Graph-Base\O
T1/pnc/m/n/8 . $http : / / www3 . cs . stonybrook . edu / []algorith / implemen
t /
 []


Underfull \hbox (badness 6592) in paragraph at lines 1068--1077
[]\OT1/pnc/m/n/8 Ravi Ku-mar, Jas-mine No-vak, and An-drew Tomkins. 2006. Struc
-ture and Evo-lu-tion of On-
 []


Underfull \hbox (badness 1946) in paragraph at lines 1068--1077
\OT1/pnc/m/n/8 line So-cial Net-works. In \OT1/pnc/m/it/8 Pro-ceed-ings of the 
12th ACM SIGKDD In-ter-na-tional Con-fer-ence on
 []


Underfull \hbox (badness 4859) in paragraph at lines 1068--1077
\OT1/pnc/m/it/8 Knowl-edge Dis-cov-ery and Data Min-ing (KDD '06)\OT1/pnc/m/n/8
 . ACM, New York, NY, USA, 611--617.
 []


Underfull \hbox (badness 10000) in paragraph at lines 1123--1130
[]\OT1/pnc/m/n/8 Andrea Lan-ci-chinetti, Santo For-tu-nato, and Fil-ippo Radic-
chi. 2008. Bench-mark graphs
 []


Underfull \hbox (badness 10000) in paragraph at lines 1123--1130
\OT1/pnc/m/n/8 for test-ing com-mu-nity de-tec-tion al-go-rithms. \OT1/pnc/m/it
/8 Phys. Rev. E \OT1/pnc/m/n/8 78, 4 (Oct. 2008), 046110.
 []


Underfull \vbox (badness 10000) has occurred while \output is active []

 [31]
Underfull \hbox (badness 1424) in paragraph at lines 1258--1267
[]\OT1/pnc/m/n/8 Li Ma, Yang Yang, Zhaom-ing Qiu, Guo-tong Xie, Yue Pan, and Sh
eng-ping Liu. 2006. To-wards a
 []


Underfull \vbox (badness 10000) has occurred while \output is active []

 [32]
Underfull \hbox (badness 5245) in paragraph at lines 1459--1466
[]\OT1/pnc/m/n/8 Minh-Duc Pham, Pe-ter Boncz, and Orri Er-ling. 2013. \OT1/pnc/
m/it/8 S3G2: A Scal-able Structure-Correlated
 []


Underfull \hbox (badness 10000) in paragraph at lines 1459--1466
\OT1/pnc/m/it/8 So-cial Graph Gen-er-a-tor\OT1/pnc/m/n/8 . Springer Berlin Hei-
del-berg, Berlin, Hei-del-berg, 156--172.
 []


Underfull \hbox (badness 5592) in paragraph at lines 1484--1493
[]\OT1/pnc/m/n/8 Arnau Prat-P[]erez and David Dominguez-Sal. 2014. How Communit
y-like is the Struc-ture of
 []


Underfull \hbox (badness 2698) in paragraph at lines 1484--1493
\OT1/pnc/m/n/8 Syn-thet-i-cally Gen-er-ated Graphs?. In \OT1/pnc/m/it/8 Pro-cee
d-ings of Work-shop on GRAph Data Man-age-ment
 []


Underfull \hbox (badness 6125) in paragraph at lines 1484--1493
\OT1/pnc/m/it/8 Ex-pe-ri-ences and Sys-tems (GRADES'14)\OT1/pnc/m/n/8 . ACM, Ne
w York, NY, USA, Ar-ti-cle 7, 9 pages.
 []


Underfull \hbox (badness 1755) in paragraph at lines 1599--1607
\OT1/pnc/m/it/8 A SPARQL Per-for-mance Bench-mark\OT1/pnc/m/n/8 . Springer Berl
in Hei-del-berg, Berlin, Hei-del-berg, 371--393.
 []


Underfull \vbox (badness 10000) has occurred while \output is active []

 [33]
Underfull \hbox (badness 1496) in paragraph at lines 1707--1714
[]\OT1/pnc/m/n/8 Sui-Yu Wang, Yuanbo Guo, Abir Qasem, and Jeff Heflin. 2005. \O
T1/pnc/m/it/8 Rapid Bench-mark-ing for Se-man-
 []


Underfull \hbox (badness 3724) in paragraph at lines 1707--1714
\OT1/pnc/m/it/8 tic Web Knowl-edge Base Sys-tems\OT1/pnc/m/n/8 . Springer Berli
n Hei-del-berg, Berlin, Hei-del-berg, 758--772.
 []


Underfull \hbox (badness 10000) in paragraph at lines 1730--1738
[]\OT1/pnc/m/n/8 Huanhuan Wu, James Cheng, Silu Huang, Yip-ing Ke, Yi Lu, and Y
anyan Xu. 2014a.
 []


Underfull \hbox (badness 10000) in paragraph at lines 1730--1738
\OT1/pnc/m/n/8 Path Prob-lems in Tem-po-ral Graphs. \OT1/pnc/m/it/8 Proc. VLDB 
En-dow. \OT1/pnc/m/n/8 7, 9 (May 2014), 721--732.
 []

) [34] (main.aux) ) 
Here is how much of TeX's memory you used:
 4383 strings out of 493305
 66253 string characters out of 3138557
 183998 words of memory out of 3000000
 7789 multiletter control sequences out of 15000+200000
 27497 words of font info for 56 fonts, out of 3000000 for 9000
 1141 hyphenation exceptions out of 8191
 41i,14n,37p,2103b,346s stack positions out of 5000i,500n,10000p,200000b,50000s
{C:/Users/USER/AppData/Local/Programs/MiKTeX 2.9/fonts/enc/d
vips/base/8r.enc}<C:/Program Files/MiKTeX 2.9/fonts/type1/public/amsfonts/cm/cm
mi10.pfb><C:/Program Files/MiKTeX 2.9/fonts/type1/public/amsfonts/cm/cmmi7.pfb>
<C:/Program Files/MiKTeX 2.9/fonts/type1/public/amsfonts/cm/cmr10.pfb><C:/Progr
am Files/MiKTeX 2.9/fonts/type1/public/amsfonts/cm/cmr6.pfb><C:/Program Files/M
iKTeX 2.9/fonts/type1/public/amsfonts/cm/cmr7.pfb><C:/Program Files/MiKTeX 2.9/
fonts/type1/public/amsfonts/cm/cmsy10.pfb><C:/Program Files/MiKTeX 2.9/fonts/ty
pe1/public/amsfonts/cm/cmsy6.pfb><C:/Program Files/MiKTeX 2.9/fonts/type1/publi
c/amsfonts/cm/cmsy7.pfb><C:/Program Files/MiKTeX 2.9/fonts/type1/public/amsfont
s/cm/cmsy8.pfb><C:/Program Files/MiKTeX 2.9/fonts/type1/public/amsfonts/cm/cmtt
10.pfb><C:/Program Files/MiKTeX 2.9/fonts/type1/public/amsfonts/cm/cmtt8.pfb><C
:/Program Files/MiKTeX 2.9/fonts/type1/public/amsfonts/latxfont/lcircle1.pfb><C
:/Program Files/MiKTeX 2.9/fonts/type1/urw/helvetic/uhvb8a.pfb><C:/Program File
s/MiKTeX 2.9/fonts/type1/urw/helvetic/uhvr8a.pfb><C:/Program Files/MiKTeX 2.9/f
onts/type1/urw/helvetic/uhvro8a.pfb><C:/Program Files/MiKTeX 2.9/fonts/type1/ur
w/ncntrsbk/uncb8a.pfb><C:/Program Files/MiKTeX 2.9/fonts/type1/urw/ncntrsbk/unc
r8a.pfb><C:/Program Files/MiKTeX 2.9/fonts/type1/urw/ncntrsbk/uncri8a.pfb>
Output written on main.pdf (34 pages, 327016 bytes).
PDF statistics:
 184 PDF objects out of 1000 (max. 8388607)
 0 named destinations out of 1000 (max. 500000)
 1 words of extra memory for PDF output out of 10000 (max. 10000000)

